nov. 20, 2023 11:38:22 A. M. com.mycompany.proyecto.pokepedia.PokemonApp <clinit>
GRAVE: Error al cargar el archivo: URL.properties (El sistema no puede encontrar el archivo especificado)
nov. 20, 2023 11:38:22 A. M. com.mycompany.proyecto.pokepedia.PokemonApp main
GRAVE: Sucedio un error al acceder a la API: Cannot invoke "String.length()" because "spec" is null
nov. 20, 2023 11:41:58 A. M. com.mycompany.proyecto.pokepedia.PokemonApiName <init>
GRAVE: Error al obtener el daño del ataque: JsonNull
Nov 20, 2023 12:30:50 PM com.mycompany.proyecto.pokepedia.PokemonApiName <init>
SEVERE: Error al obtener el daño del ataque: JsonNull
Nov 20, 2023 2:29:11 PM com.mycompany.proyecto.pokepedia.PokemonApiName <init>
SEVERE: Error al obtener el daño del ataque: JsonNull
Nov 20, 2023 2:30:19 PM com.mycompany.proyecto.pokepedia.PokemonApiName <init>
SEVERE: Sucedio un error al acceder a la API: com.google.gson.stream.MalformedJsonException: Use JsonReader.setLenient(true) to accept malformed JSON at line 1 column 6 path $
Nov 20, 2023 2:31:24 PM com.mycompany.proyecto.pokepedia.PokemonApiName <init>
SEVERE: Error al obtener el daño del ataque: JsonNull
Nov 20, 2023 2:40:44 PM com.mycompany.proyecto.pokepedia.PokemonApiName <init>
SEVERE: Error al obtener el daño del ataque: JsonNull
Nov 20, 2023 2:40:50 PM com.mycompany.proyecto.pokepedia.PokemonApiName <init>
SEVERE: Error al obtener el daño del ataque: JsonNull
Nov 20, 2023 2:43:44 PM com.mycompany.proyecto.pokepedia.PokemonApiName <init>
SEVERE: Error al obtener el daño del ataque: JsonNull
Nov 20, 2023 2:48:21 PM com.mycompany.proyecto.pokepedia.PokemonApiName <init>
SEVERE: Error al obtener el daño del ataque: JsonNull
Nov 20, 2023 2:55:46 PM com.mycompany.proyecto.pokepedia.PokemonApiName <init>
SEVERE: Error al obtener la descripción del ataque: Index 0 out of bounds for length 0
Nov 20, 2023 2:56:00 PM com.mycompany.proyecto.pokepedia.PokemonApiName <init>
SEVERE: Error al obtener el daño del ataque: JsonNull
Nov 20, 2023 2:57:28 PM com.mycompany.proyecto.pokepedia.PokemonApiName <init>
SEVERE: Error al obtener el daño del ataque: JsonNull
Nov 20, 2023 2:57:50 PM com.mycompany.proyecto.pokepedia.PokemonApiName <init>
SEVERE: Error al obtener el daño del ataque: JsonNull
Nov 20, 2023 3:03:31 PM com.mycompany.proyecto.pokepedia.PokemonApiName <init>
SEVERE: Error al obtener el daño del ataque: JsonNull
Nov 20, 2023 3:04:07 PM com.mycompany.proyecto.pokepedia.PokemonApiName <init>
SEVERE: Error al obtener el daño del ataque: JsonNull
Nov 20, 2023 3:07:07 PM com.mycompany.proyecto.pokepedia.PokemonApiName <init>
SEVERE: Error al obtener el daño del ataque: JsonNull
Nov 20, 2023 3:09:53 PM com.mycompany.proyecto.pokepedia.PokemonApiName <init>
SEVERE: Error al obtener el daño del ataque: JsonNull
nov. 21, 2023 8:16:18 A. M. com.mycompany.proyecto.pokepedia.PokemonApiName <init>
GRAVE: Error al obtener el daño del ataque: JsonNull
nov. 21, 2023 8:16:29 A. M. com.mycompany.proyecto.pokepedia.PokemonApiName <init>
GRAVE: Error al obtener el daño del ataque: JsonNull
nov. 21, 2023 8:25:42 A. M. com.mycompany.proyecto.pokepedia.PokemonApiName <init>
GRAVE: Error al obtener el daño del ataque: JsonNull
nov. 21, 2023 8:25:51 A. M. com.mycompany.proyecto.pokepedia.PokemonApiName <init>
GRAVE: Error al obtener el daño del ataque: JsonNull
nov. 21, 2023 8:27:34 A. M. com.mycompany.proyecto.pokepedia.PokemonApiName <init>
GRAVE: Error al obtener el daño del ataque: JsonNull
nov. 21, 2023 8:34:20 A. M. com.mycompany.proyecto.pokepedia.PokemonApiName <init>
GRAVE: Error al obtener el daño del ataque: JsonNull
nov. 21, 2023 8:35:29 A. M. com.mycompany.proyecto.pokepedia.PokemonApiName <init>
GRAVE: Error al obtener el daño del ataque: JsonNull
nov. 21, 2023 10:34:28 A. M. com.mycompany.proyecto.pokepedia.PokemonApiName <init>
GRAVE: Error al obtener el daño del ataque: JsonNull
nov. 21, 2023 10:39:15 A. M. com.mycompany.proyecto.pokepedia.PokemonApiName <init>
GRAVE: Error al obtener el daño del ataque: JsonNull
nov. 22, 2023 10:10:34 A. M. com.mycompany.proyecto.pokepedia.PokemonApiName <init>
GRAVE: Error al obtener el daño del ataque: JsonNull
nov. 22, 2023 10:11:29 A. M. com.mycompany.proyecto.pokepedia.PokemonApiName <init>
GRAVE: Error al obtener el daño del ataque: JsonNull
nov. 22, 2023 10:24:16 A. M. com.mycompany.proyecto.pokepedia.PokemonApiName <init>
GRAVE: Error al obtener el daño del ataque: JsonNull
nov. 22, 2023 10:35:03 A. M. com.mycompany.proyecto.pokepedia.PokemonApiName <init>
GRAVE: Error al obtener el daño del ataque: JsonNull
nov. 22, 2023 10:35:07 A. M. com.mycompany.proyecto.pokepedia.PokemonApiName <init>
GRAVE: Error al obtener el daño del ataque: JsonNull
nov. 22, 2023 10:41:47 A. M. com.mycompany.proyecto.pokepedia.PokemonApiName <init>
GRAVE: Error al obtener el daño del ataque: JsonNull
nov. 22, 2023 10:42:06 A. M. com.mycompany.proyecto.pokepedia.PokemonApiName <init>
GRAVE: Error al obtener el daño del ataque: JsonNull
nov. 22, 2023 10:42:21 A. M. com.mycompany.proyecto.pokepedia.PokemonApiName <init>
GRAVE: Sucedio un error al acceder a la API: com.google.gson.stream.MalformedJsonException: Use JsonReader.setLenient(true) to accept malformed JSON at line 1 column 6 path $
